0 info it worked if it ends with ok
1 verbose cli [ 'C:\\Program Files (x86)\\nodejs\\\\node.exe',
1 verbose cli   'C:\\Program Files (x86)\\nodejs\\node_modules\\npm\\bin\\npm-cli.js',
1 verbose cli   'install' ]
2 info using npm@1.4.28
3 info using node@v0.10.33
4 verbose node symlink C:\Program Files (x86)\nodejs\\node.exe
5 verbose readDependencies using package.json deps
6 verbose install where, deps [ 'C:\\Users\\Josef\\Documents\\GitHub\\Immigration-Project-2014-Website',
6 verbose install   [ 'express',
6 verbose install     'body-parser',
6 verbose install     'hbs',
6 verbose install     'formidable',
6 verbose install     'quickthumb',
6 verbose install     'fs-extra',
6 verbose install     'mongoose',
6 verbose install     'lwip',
6 verbose install     'cookie-session',
6 verbose install     'gridfs-stream',
6 verbose install     'async' ] ]
7 info preinstall hello-world@0.0.1
8 verbose readDependencies using package.json deps
9 verbose already installed skipping express@4.x C:\Users\Josef\Documents\GitHub\Immigration-Project-2014-Website
10 verbose already installed skipping body-parser@1.9.0 C:\Users\Josef\Documents\GitHub\Immigration-Project-2014-Website
11 verbose already installed skipping hbs@2.7.0 C:\Users\Josef\Documents\GitHub\Immigration-Project-2014-Website
12 verbose already installed skipping formidable@1.0.15 C:\Users\Josef\Documents\GitHub\Immigration-Project-2014-Website
13 verbose already installed skipping quickthumb@0.0.10 C:\Users\Josef\Documents\GitHub\Immigration-Project-2014-Website
14 verbose already installed skipping fs-extra@0.12.0 C:\Users\Josef\Documents\GitHub\Immigration-Project-2014-Website
15 verbose already installed skipping mongoose@3.8.19 C:\Users\Josef\Documents\GitHub\Immigration-Project-2014-Website
16 verbose already installed skipping lwip@0.0.5 C:\Users\Josef\Documents\GitHub\Immigration-Project-2014-Website
17 verbose already installed skipping cookie-session@1.1.0 C:\Users\Josef\Documents\GitHub\Immigration-Project-2014-Website
18 verbose already installed skipping gridfs-stream@0.5.3 C:\Users\Josef\Documents\GitHub\Immigration-Project-2014-Website
19 verbose cache add [ 'async@0,0,9', null ]
20 verbose cache add name=undefined spec="async@0,0,9" args=["async@0,0,9",null]
21 verbose parsed url { protocol: null,
21 verbose parsed url   slashes: null,
21 verbose parsed url   auth: null,
21 verbose parsed url   host: null,
21 verbose parsed url   port: null,
21 verbose parsed url   hostname: null,
21 verbose parsed url   hash: null,
21 verbose parsed url   search: null,
21 verbose parsed url   query: null,
21 verbose parsed url   pathname: 'async@0,0,9',
21 verbose parsed url   path: 'async@0,0,9',
21 verbose parsed url   href: 'async@0,0,9' }
22 verbose cache add name="async" spec="0,0,9" args=["async","0,0,9"]
23 verbose parsed url { protocol: null,
23 verbose parsed url   slashes: null,
23 verbose parsed url   auth: null,
23 verbose parsed url   host: null,
23 verbose parsed url   port: null,
23 verbose parsed url   hostname: null,
23 verbose parsed url   hash: null,
23 verbose parsed url   search: null,
23 verbose parsed url   query: null,
23 verbose parsed url   pathname: '0,0,9',
23 verbose parsed url   path: '0,0,9',
23 verbose parsed url   href: '0,0,9' }
24 verbose addNamed [ 'async', '0,0,9' ]
25 verbose addNamed [ null, null ]
26 silly lockFile 5ca60dd5-async-0-0-9 async@0,0,9
27 verbose lock async@0,0,9 C:\Users\Josef\AppData\Roaming\npm-cache\5ca60dd5-async-0-0-9.lock
28 info addNameTag [ 'async', '0,0,9' ]
29 verbose request where is /async
30 verbose request registry https://registry.npmjs.org/
31 verbose request id 4224d47353e4ad16
32 verbose url raw /async
33 verbose url resolving [ 'https://registry.npmjs.org/', './async' ]
34 verbose url resolved https://registry.npmjs.org/async
35 verbose request where is https://registry.npmjs.org/async
36 info trying registry request attempt 1 at 09:40:33
37 http GET https://registry.npmjs.org/async
38 http 200 https://registry.npmjs.org/async
39 silly registry.get cb [ 200,
39 silly registry.get   { date: 'Sun, 30 Nov 2014 17:40:10 GMT',
39 silly registry.get     server: 'CouchDB/1.5.0 (Erlang OTP/R16B03)',
39 silly registry.get     etag: '"1RKVSNAYG3GUWTN4B2QLBW93I"',
39 silly registry.get     'content-type': 'application/json',
39 silly registry.get     'cache-control': 'max-age=60',
39 silly registry.get     'content-length': '106391',
39 silly registry.get     'accept-ranges': 'bytes',
39 silly registry.get     via: '1.1 varnish',
39 silly registry.get     age: '29',
39 silly registry.get     'x-served-by': 'cache-sjc3127-SJC',
39 silly registry.get     'x-cache': 'HIT',
39 silly registry.get     'x-cache-hits': '13',
39 silly registry.get     'x-timer': 'S1417369210.745659,VS0,VE0',
39 silly registry.get     vary: 'Accept',
39 silly registry.get     'keep-alive': 'timeout=10, max=50',
39 silly registry.get     connection: 'Keep-Alive' } ]
40 silly lockFile 5ca60dd5-async-0-0-9 async@0,0,9
41 silly lockFile 5ca60dd5-async-0-0-9 async@0,0,9
42 error notarget No compatible version found: async@'0,0,9'
42 error notarget Valid install targets:
42 error notarget ["0.1.0","0.1.1","0.1.2","0.1.3","0.1.4","0.1.5","0.1.6","0.1.7","0.1.8","0.1.9","0.1.10","0.1.11","0.1.12","0.1.13","0.1.14","0.1.15","0.1.16","0.1.17","0.1.18","0.1.19","0.1.20","0.1.21","0.1.22","0.2.0","0.2.1","0.2.2","0.2.3","0.2.4","0.2.5","0.2.6","0.2.7","0.2.8","0.2.9","0.2.10","0.3.0","0.4.0","0.4.1","0.5.0","0.6.0","0.6.1","0.6.2","0.7.0","0.8.0","0.9.0"]
42 error notarget
42 error notarget This is most likely not a problem with npm itself.
42 error notarget In most cases you or one of your dependencies are requesting
42 error notarget a package version that doesn't exist.
43 error System Windows_NT 6.2.9200
44 error command "C:\\Program Files (x86)\\nodejs\\\\node.exe" "C:\\Program Files (x86)\\nodejs\\node_modules\\npm\\bin\\npm-cli.js" "install"
45 error cwd C:\Users\Josef\Documents\GitHub\Immigration-Project-2014-Website
46 error node -v v0.10.33
47 error npm -v 1.4.28
48 error code ETARGET
49 verbose exit [ 1, true ]
